0 info it worked if it ends with ok
1 verbose cli [ '/Users/wlewis/.nvm/versions/node/v6.10.2/bin/node',
1 verbose cli   '/Users/wlewis/.nvm/versions/node/v6.10.2/bin/npm',
1 verbose cli   'publish',
1 verbose cli   '--public' ]
2 info using npm@3.10.10
3 info using node@v6.10.2
4 verbose publish [ '.' ]
5 silly cache add args [ '.', null ]
6 verbose cache add spec .
7 silly cache add parsed spec Result {
7 silly cache add   raw: '.',
7 silly cache add   scope: null,
7 silly cache add   escapedName: null,
7 silly cache add   name: null,
7 silly cache add   rawSpec: '.',
7 silly cache add   spec: '/Users/wlewis/Code/@sssserve/framework/src/@sssservices/content',
7 silly cache add   type: 'directory' }
8 verbose addLocalDirectory /Users/wlewis/.npm/@sssservices/content/0.0.8/package.tgz not in flight; packing
9 verbose correctMkdir /Users/wlewis/.npm correctMkdir not in flight; initializing
10 info lifecycle @sssservices/content@0.0.8~prepublish: @sssservices/content@0.0.8
11 silly lifecycle @sssservices/content@0.0.8~prepublish: no script for prepublish, continuing
12 verbose tar pack [ '/Users/wlewis/.npm/@sssservices/content/0.0.8/package.tgz',
12 verbose tar pack   '/Users/wlewis/Code/@sssserve/framework/src/@sssservices/content' ]
13 verbose tarball /Users/wlewis/.npm/@sssservices/content/0.0.8/package.tgz
14 verbose folder /Users/wlewis/Code/@sssserve/framework/src/@sssservices/content
15 verbose addLocalTarball adding from inside cache /Users/wlewis/.npm/@sssservices/content/0.0.8/package.tgz
16 verbose correctMkdir /Users/wlewis/.npm correctMkdir not in flight; initializing
17 silly cache afterAdd @sssservices/content@0.0.8
18 verbose afterAdd /Users/wlewis/.npm/@sssservices/content/0.0.8/package/package.json not in flight; writing
19 verbose correctMkdir /Users/wlewis/.npm correctMkdir not in flight; initializing
20 verbose afterAdd /Users/wlewis/.npm/@sssservices/content/0.0.8/package/package.json written
21 silly publish { name: '@sssservices/content',
21 silly publish   version: '0.0.8',
21 silly publish   description: '[READ ONLY] Subtree split of the Sssserve Content component (see @sssserve/framework)',
21 silly publish   main: 'repository.js',
21 silly publish   repository:
21 silly publish    { type: 'git',
21 silly publish      url: 'git+https://github.com/sssservices/content.git' },
21 silly publish   author: { name: 'Wilson Lewis', email: 'wilsonlewis@gmail.com' },
21 silly publish   license: 'MIT',
21 silly publish   dependencies: { '@sssservices/support': '^0.0.8' },
21 silly publish   gitHead: 'caa7eb2510baad8cb672473955896441539815dd',
21 silly publish   bugs: { url: 'https://github.com/sssservices/content/issues' },
21 silly publish   readme: 'ERROR: No README data found!',
21 silly publish   homepage: 'https://github.com/sssservices/content#readme',
21 silly publish   _id: '@sssservices/content@0.0.8',
21 silly publish   scripts: {},
21 silly publish   _shasum: '79210fcef2bf39000881a9412f95d9220c28ae48',
21 silly publish   _from: '.' }
22 verbose getPublishConfig undefined
23 silly mapToRegistry name @sssservices/content
24 silly mapToRegistry scope (from package name) @sssservices
25 verbose mapToRegistry no registry URL found in name for scope @sssservices
26 silly mapToRegistry using default registry
27 silly mapToRegistry registry https://registry.npmjs.org/
28 silly mapToRegistry data Result {
28 silly mapToRegistry   raw: '@sssservices/content',
28 silly mapToRegistry   scope: '@sssservices',
28 silly mapToRegistry   escapedName: '@sssservices%2fcontent',
28 silly mapToRegistry   name: '@sssservices/content',
28 silly mapToRegistry   rawSpec: '',
28 silly mapToRegistry   spec: 'latest',
28 silly mapToRegistry   type: 'tag' }
29 silly mapToRegistry uri https://registry.npmjs.org/@sssservices%2fcontent
30 verbose publish registryBase https://registry.npmjs.org/
31 silly publish uploading /Users/wlewis/.npm/@sssservices/content/0.0.8/package.tgz
32 verbose request uri https://registry.npmjs.org/@sssservices%2fcontent
33 verbose request sending authorization for write operation
34 info attempt registry request try #1 at 4:26:28 PM
35 verbose request using bearer token for auth
36 verbose request id 0fe6f58db1daccd1
37 http request PUT https://registry.npmjs.org/@sssservices%2fcontent
38 http 402 https://registry.npmjs.org/@sssservices%2fcontent
39 verbose headers { 'content-type': 'application/json',
39 verbose headers   'cache-control': 'max-age=0',
39 verbose headers   'content-length': '49',
39 verbose headers   'accept-ranges': 'bytes',
39 verbose headers   date: 'Fri, 27 Oct 2017 20:26:29 GMT',
39 verbose headers   via: '1.1 varnish',
39 verbose headers   connection: 'keep-alive',
39 verbose headers   'x-served-by': 'cache-ewr18123-EWR',
39 verbose headers   'x-cache': 'MISS',
39 verbose headers   'x-cache-hits': '0',
39 verbose headers   'x-timer': 'S1509135988.499711,VS0,VE600' }
40 verbose request invalidating /Users/wlewis/.npm/registry.npmjs.org/_40sssservices_252fcontent on PUT
41 error publish Failed PUT 402
42 verbose stack Error: You must sign up for private packages : @sssservices/content
42 verbose stack     at makeError (/Users/wlewis/.nvm/versions/node/v6.10.2/lib/node_modules/npm/node_modules/npm-registry-client/lib/request.js:302:12)
42 verbose stack     at CachingRegistryClient.<anonymous> (/Users/wlewis/.nvm/versions/node/v6.10.2/lib/node_modules/npm/node_modules/npm-registry-client/lib/request.js:290:14)
42 verbose stack     at Request._callback (/Users/wlewis/.nvm/versions/node/v6.10.2/lib/node_modules/npm/node_modules/npm-registry-client/lib/request.js:210:14)
42 verbose stack     at Request.self.callback (/Users/wlewis/.nvm/versions/node/v6.10.2/lib/node_modules/npm/node_modules/request/request.js:187:22)
42 verbose stack     at emitTwo (events.js:106:13)
42 verbose stack     at Request.emit (events.js:191:7)
42 verbose stack     at Request.<anonymous> (/Users/wlewis/.nvm/versions/node/v6.10.2/lib/node_modules/npm/node_modules/request/request.js:1048:10)
42 verbose stack     at emitOne (events.js:96:13)
42 verbose stack     at Request.emit (events.js:188:7)
42 verbose stack     at IncomingMessage.<anonymous> (/Users/wlewis/.nvm/versions/node/v6.10.2/lib/node_modules/npm/node_modules/request/request.js:969:12)
43 verbose statusCode 402
44 verbose pkgid @sssservices/content
45 verbose cwd /Users/wlewis/Code/@sssserve/framework/src/@sssservices/content
46 error Darwin 16.7.0
47 error argv "/Users/wlewis/.nvm/versions/node/v6.10.2/bin/node" "/Users/wlewis/.nvm/versions/node/v6.10.2/bin/npm" "publish" "--public"
48 error node v6.10.2
49 error npm  v3.10.10
50 error code E402
51 error You must sign up for private packages : @sssservices/content
52 error If you need help, you may report this error at:
52 error     <https://github.com/npm/npm/issues>
53 verbose exit [ 1, true ]
